<?xml version="1.0" encoding="UTF-8"?>
<robot generator="Robot 4.1 (Python 3.9.6 on win32)" generated="20210730 09:56:09.477" rpa="false" schemaversion="2">
<suite id="s1" name="Date Picker" source="D:\Aun_data\GIt\robot_framework_mobile\tests\date_picker.robot">
<test id="s1-t1" name="Open Test Application For android">
<kw name="Open Test Application">
<kw name="Log To Console" library="BuiltIn">
<arg>Start</arg>
<doc>Logs the given message to the console.</doc>
<status status="PASS" starttime="20210730 09:56:09.681" endtime="20210730 09:56:09.682"/>
</kw>
<kw name="Open Application" library="AppiumLibrary">
<arg>remote_url=http://localhost:4723/wd/hub</arg>
<arg>deviceName=TestDevice</arg>
<arg>platformVersion=11</arg>
<arg>platformName=Android</arg>
<arg>appPackage=com.material.components</arg>
<arg>appActivity=com.material.components.activity.MainMenu</arg>
<doc>Opens a new application to given Appium server.
Capabilities of appium server, Android and iOS,
Please check https://github.com/appium/appium/blob/master/docs/en/writing-running-appium/server-args.md
| *Option*            | *Man.* | *Description*     |
| remote_url          | Yes    | Appium server url |
| alias               | no     | alias             |</doc>
<status status="PASS" starttime="20210730 09:56:09.682" endtime="20210730 09:56:19.826"/>
</kw>
<status status="PASS" starttime="20210730 09:56:09.681" endtime="20210730 09:56:19.826"/>
</kw>
<kw name="Close Popup When App Start">
<kw name="Log To Console" library="BuiltIn">
<arg>App Start</arg>
<doc>Logs the given message to the console.</doc>
<status status="PASS" starttime="20210730 09:56:19.827" endtime="20210730 09:56:19.828"/>
</kw>
<kw name="Wait Until Page Contains Element" library="AppiumLibrary">
<arg>id=com.material.components:id/bt_close</arg>
<arg>60s</arg>
<doc>Waits until element specified with `locator` appears on current page.</doc>
<status status="PASS" starttime="20210730 09:56:19.828" endtime="20210730 09:56:20.190"/>
</kw>
<kw name="Tap" library="AppiumLibrary">
<arg>id=com.material.components:id/bt_close</arg>
<doc>Tap element identified by ``locator``. </doc>
<status status="PASS" starttime="20210730 09:56:20.190" endtime="20210730 09:56:20.436"/>
</kw>
<status status="PASS" starttime="20210730 09:56:19.827" endtime="20210730 09:56:20.436"/>
</kw>
<kw name="Click Picker Menu">
<kw name="Wait Until Page Contains Element" library="AppiumLibrary">
<arg>xpath=//android.widget.LinearLayout[android.widget.TextView[@text='Pickers']]</arg>
<arg>30s</arg>
<doc>Waits until element specified with `locator` appears on current page.</doc>
<status status="PASS" starttime="20210730 09:56:20.437" endtime="20210730 09:56:20.633"/>
</kw>
<kw name="Tap" library="AppiumLibrary">
<arg>xpath=//android.widget.LinearLayout[android.widget.TextView[@text='Pickers']]</arg>
<doc>Tap element identified by ``locator``. </doc>
<status status="PASS" starttime="20210730 09:56:20.633" endtime="20210730 09:56:21.636"/>
</kw>
<status status="PASS" starttime="20210730 09:56:20.437" endtime="20210730 09:56:21.636"/>
</kw>
<kw name="Click Date Dark">
<kw name="Wait Until Page Contains Element" library="AppiumLibrary">
<arg>xpath=//android.widget.LinearLayout[android.widget.TextView[@text='Date Light']]</arg>
<arg>30s</arg>
<doc>Waits until element specified with `locator` appears on current page.</doc>
<status status="PASS" starttime="20210730 09:56:21.637" endtime="20210730 09:56:22.975"/>
</kw>
<kw name="Tap" library="AppiumLibrary">
<arg>xpath=//android.widget.LinearLayout[android.widget.TextView[@text='Date Light']]</arg>
<doc>Tap element identified by ``locator``. </doc>
<status status="PASS" starttime="20210730 09:56:22.975" endtime="20210730 09:56:23.202"/>
</kw>
<status status="PASS" starttime="20210730 09:56:21.637" endtime="20210730 09:56:23.202"/>
</kw>
<kw name="Click Pick Date">
<kw name="Wait Until Page Contains Element" library="AppiumLibrary">
<arg>id=com.material.components:id/bt_pick</arg>
<arg>30s</arg>
<doc>Waits until element specified with `locator` appears on current page.</doc>
<status status="PASS" starttime="20210730 09:56:23.203" endtime="20210730 09:56:24.319"/>
</kw>
<kw name="Tap" library="AppiumLibrary">
<arg>id=com.material.components:id/bt_pick</arg>
<doc>Tap element identified by ``locator``. </doc>
<status status="PASS" starttime="20210730 09:56:24.319" endtime="20210730 09:56:24.487"/>
</kw>
<status status="PASS" starttime="20210730 09:56:23.202" endtime="20210730 09:56:24.487"/>
</kw>
<kw name="Click year">
<kw name="Tap" library="AppiumLibrary">
<arg>id=com.material.components:id/mdtp_date_picker_year</arg>
<doc>Tap element identified by ``locator``. </doc>
<status status="PASS" starttime="20210730 09:56:24.488" endtime="20210730 09:56:25.337"/>
</kw>
<kw name="Wait Until Page Contains Element" library="AppiumLibrary">
<arg>accessibility_id=2024</arg>
<arg>30s</arg>
<doc>Waits until element specified with `locator` appears on current page.</doc>
<status status="PASS" starttime="20210730 09:56:25.337" endtime="20210730 09:56:25.961"/>
</kw>
<kw name="Select Year">
<kw name="Get Current Date" library="DateTime">
<var>${date}</var>
<arg>result_format=datetime</arg>
<doc>Returns current local or UTC time with an optional increment.</doc>
<msg timestamp="20210730 09:56:25.962" level="INFO">${date} = 2021-07-30 09:56:25.961861</msg>
<status status="PASS" starttime="20210730 09:56:25.962" endtime="20210730 09:56:25.962"/>
</kw>
<for flavor="IN RANGE">
<var>${i}</var>
<value>${20}</value>
<iter>
<var name="${i}">0</var>
<if>
<branch type="IF" condition="${date.year} == ${INPUT_YEAR}">
<kw name="Run Keyword And Return Status" library="BuiltIn">
<var>${pass}</var>
<arg>Wait Until Page Contains Element</arg>
<arg>accessibility_id=${INPUT_YEAR}</arg>
<arg>2s</arg>
<doc>Runs the given keyword with given arguments and returns the status as a Boolean value.</doc>
<status status="NOT RUN" starttime="20210730 09:56:25.963" endtime="20210730 09:56:25.963"/>
</kw>
<kw name="Log" library="BuiltIn">
<arg>${pass}</arg>
<doc>Logs the given message with the given level.</doc>
<status status="NOT RUN" starttime="20210730 09:56:25.963" endtime="20210730 09:56:25.963"/>
</kw>
<kw name="Exit For Loop If" library="BuiltIn">
<arg>'${pass}' == 'True</arg>
<doc>Stops executing the enclosing for loop if the ``condition`` is true.</doc>
<status status="NOT RUN" starttime="20210730 09:56:25.963" endtime="20210730 09:56:25.963"/>
</kw>
<status status="NOT RUN" starttime="20210730 09:56:25.963" endtime="20210730 09:56:25.963"/>
</branch>
<branch type="ELSE IF" condition="${date.year} &lt; ${INPUT_YEAR}">
<kw name="Scroll Up">
<kw name="Swipe By Percent" library="AppiumLibrary">
<arg>50</arg>
<arg>70</arg>
<arg>50</arg>
<arg>45</arg>
<doc>Swipe from one percent of the screen to another percent, for an optional duration.
Normal swipe fails to scale for different screen resolutions, this can be avoided using percent.</doc>
<status status="PASS" starttime="20210730 09:56:25.964" endtime="20210730 09:56:27.221"/>
</kw>
<status status="PASS" starttime="20210730 09:56:25.963" endtime="20210730 09:56:27.221"/>
</kw>
<kw name="Run Keyword And Return Status" library="BuiltIn">
<var>${pass}</var>
<arg>Wait Until Page Contains Element</arg>
<arg>accessibility_id=${INPUT_YEAR}</arg>
<arg>2s</arg>
<doc>Runs the given keyword with given arguments and returns the status as a Boolean value.</doc>
<kw name="Wait Until Page Contains Element" library="AppiumLibrary">
<arg>accessibility_id=${INPUT_YEAR}</arg>
<arg>2s</arg>
<doc>Waits until element specified with `locator` appears on current page.</doc>
<kw name="Capture Page Screenshot" library="AppiumLibrary">
<doc>Takes a screenshot of the current page and embeds it into the log.</doc>
<msg timestamp="20210730 09:56:29.750" level="INFO" html="true">&lt;/td&gt;&lt;/tr&gt;&lt;tr&gt;&lt;td colspan="3"&gt;&lt;a href="appium-screenshot-1.png"&gt;&lt;img src="appium-screenshot-1.png" width="800px"&gt;&lt;/a&gt;</msg>
<status status="PASS" starttime="20210730 09:56:29.438" endtime="20210730 09:56:29.750"/>
</kw>
<msg timestamp="20210730 09:56:29.751" level="FAIL">Element 'accessibility_id=2039' did not appear in 2 seconds</msg>
<status status="FAIL" starttime="20210730 09:56:27.222" endtime="20210730 09:56:29.751"/>
</kw>
<msg timestamp="20210730 09:56:29.751" level="INFO">${pass} = False</msg>
<status status="PASS" starttime="20210730 09:56:27.221" endtime="20210730 09:56:29.751"/>
</kw>
<kw name="Log" library="BuiltIn">
<arg>${pass}</arg>
<doc>Logs the given message with the given level.</doc>
<msg timestamp="20210730 09:56:29.751" level="INFO">False</msg>
<status status="PASS" starttime="20210730 09:56:29.751" endtime="20210730 09:56:29.751"/>
</kw>
<kw name="Exit For Loop If" library="BuiltIn">
<arg>'${pass}' == 'True'</arg>
<doc>Stops executing the enclosing for loop if the ``condition`` is true.</doc>
<status status="PASS" starttime="20210730 09:56:29.751" endtime="20210730 09:56:29.752"/>
</kw>
<status status="PASS" starttime="20210730 09:56:25.963" endtime="20210730 09:56:29.752"/>
</branch>
<branch type="ELSE IF" condition="${date.year} &gt; ${INPUT_YEAR}">
<kw name="Scroll Down">
<status status="NOT RUN" starttime="20210730 09:56:29.752" endtime="20210730 09:56:29.752"/>
</kw>
<kw name="Run Keyword And Return Status" library="BuiltIn">
<var>${pass}</var>
<arg>Wait Until Page Contains Element</arg>
<arg>accessibility_id=${INPUT_YEAR}</arg>
<arg>2s</arg>
<doc>Runs the given keyword with given arguments and returns the status as a Boolean value.</doc>
<status status="NOT RUN" starttime="20210730 09:56:29.752" endtime="20210730 09:56:29.752"/>
</kw>
<kw name="Log" library="BuiltIn">
<arg>${pass}</arg>
<doc>Logs the given message with the given level.</doc>
<status status="NOT RUN" starttime="20210730 09:56:29.752" endtime="20210730 09:56:29.752"/>
</kw>
<kw name="Exit For Loop If" library="BuiltIn">
<arg>'${pass}' == 'True'</arg>
<doc>Stops executing the enclosing for loop if the ``condition`` is true.</doc>
<status status="NOT RUN" starttime="20210730 09:56:29.752" endtime="20210730 09:56:29.752"/>
</kw>
<status status="NOT RUN" starttime="20210730 09:56:29.752" endtime="20210730 09:56:29.752"/>
</branch>
<status status="PASS" starttime="20210730 09:56:25.962" endtime="20210730 09:56:29.752"/>
</if>
<status status="PASS" starttime="20210730 09:56:25.962" endtime="20210730 09:56:29.752"/>
</iter>
<iter>
<var name="${i}">1</var>
<if>
<branch type="IF" condition="${date.year} == ${INPUT_YEAR}">
<kw name="Run Keyword And Return Status" library="BuiltIn">
<var>${pass}</var>
<arg>Wait Until Page Contains Element</arg>
<arg>accessibility_id=${INPUT_YEAR}</arg>
<arg>2s</arg>
<doc>Runs the given keyword with given arguments and returns the status as a Boolean value.</doc>
<status status="NOT RUN" starttime="20210730 09:56:29.753" endtime="20210730 09:56:29.753"/>
</kw>
<kw name="Log" library="BuiltIn">
<arg>${pass}</arg>
<doc>Logs the given message with the given level.</doc>
<status status="NOT RUN" starttime="20210730 09:56:29.753" endtime="20210730 09:56:29.753"/>
</kw>
<kw name="Exit For Loop If" library="BuiltIn">
<arg>'${pass}' == 'True</arg>
<doc>Stops executing the enclosing for loop if the ``condition`` is true.</doc>
<status status="NOT RUN" starttime="20210730 09:56:29.753" endtime="20210730 09:56:29.753"/>
</kw>
<status status="NOT RUN" starttime="20210730 09:56:29.753" endtime="20210730 09:56:29.753"/>
</branch>
<branch type="ELSE IF" condition="${date.year} &lt; ${INPUT_YEAR}">
<kw name="Scroll Up">
<kw name="Swipe By Percent" library="AppiumLibrary">
<arg>50</arg>
<arg>70</arg>
<arg>50</arg>
<arg>45</arg>
<doc>Swipe from one percent of the screen to another percent, for an optional duration.
Normal swipe fails to scale for different screen resolutions, this can be avoided using percent.</doc>
<status status="PASS" starttime="20210730 09:56:29.754" endtime="20210730 09:56:31.054"/>
</kw>
<status status="PASS" starttime="20210730 09:56:29.754" endtime="20210730 09:56:31.055"/>
</kw>
<kw name="Run Keyword And Return Status" library="BuiltIn">
<var>${pass}</var>
<arg>Wait Until Page Contains Element</arg>
<arg>accessibility_id=${INPUT_YEAR}</arg>
<arg>2s</arg>
<doc>Runs the given keyword with given arguments and returns the status as a Boolean value.</doc>
<kw name="Wait Until Page Contains Element" library="AppiumLibrary">
<arg>accessibility_id=${INPUT_YEAR}</arg>
<arg>2s</arg>
<doc>Waits until element specified with `locator` appears on current page.</doc>
<kw name="Capture Page Screenshot" library="AppiumLibrary">
<doc>Takes a screenshot of the current page and embeds it into the log.</doc>
<msg timestamp="20210730 09:56:33.518" level="INFO" html="true">&lt;/td&gt;&lt;/tr&gt;&lt;tr&gt;&lt;td colspan="3"&gt;&lt;a href="appium-screenshot-2.png"&gt;&lt;img src="appium-screenshot-2.png" width="800px"&gt;&lt;/a&gt;</msg>
<status status="PASS" starttime="20210730 09:56:33.205" endtime="20210730 09:56:33.518"/>
</kw>
<msg timestamp="20210730 09:56:33.519" level="FAIL">Element 'accessibility_id=2039' did not appear in 2 seconds</msg>
<status status="FAIL" starttime="20210730 09:56:31.055" endtime="20210730 09:56:33.519"/>
</kw>
<msg timestamp="20210730 09:56:33.519" level="INFO">${pass} = False</msg>
<status status="PASS" starttime="20210730 09:56:31.055" endtime="20210730 09:56:33.519"/>
</kw>
<kw name="Log" library="BuiltIn">
<arg>${pass}</arg>
<doc>Logs the given message with the given level.</doc>
<msg timestamp="20210730 09:56:33.520" level="INFO">False</msg>
<status status="PASS" starttime="20210730 09:56:33.519" endtime="20210730 09:56:33.520"/>
</kw>
<kw name="Exit For Loop If" library="BuiltIn">
<arg>'${pass}' == 'True'</arg>
<doc>Stops executing the enclosing for loop if the ``condition`` is true.</doc>
<status status="PASS" starttime="20210730 09:56:33.520" endtime="20210730 09:56:33.520"/>
</kw>
<status status="PASS" starttime="20210730 09:56:29.753" endtime="20210730 09:56:33.520"/>
</branch>
<branch type="ELSE IF" condition="${date.year} &gt; ${INPUT_YEAR}">
<kw name="Scroll Down">
<status status="NOT RUN" starttime="20210730 09:56:33.520" endtime="20210730 09:56:33.520"/>
</kw>
<kw name="Run Keyword And Return Status" library="BuiltIn">
<var>${pass}</var>
<arg>Wait Until Page Contains Element</arg>
<arg>accessibility_id=${INPUT_YEAR}</arg>
<arg>2s</arg>
<doc>Runs the given keyword with given arguments and returns the status as a Boolean value.</doc>
<status status="NOT RUN" starttime="20210730 09:56:33.520" endtime="20210730 09:56:33.520"/>
</kw>
<kw name="Log" library="BuiltIn">
<arg>${pass}</arg>
<doc>Logs the given message with the given level.</doc>
<status status="NOT RUN" starttime="20210730 09:56:33.520" endtime="20210730 09:56:33.520"/>
</kw>
<kw name="Exit For Loop If" library="BuiltIn">
<arg>'${pass}' == 'True'</arg>
<doc>Stops executing the enclosing for loop if the ``condition`` is true.</doc>
<status status="NOT RUN" starttime="20210730 09:56:33.520" endtime="20210730 09:56:33.520"/>
</kw>
<status status="NOT RUN" starttime="20210730 09:56:33.520" endtime="20210730 09:56:33.520"/>
</branch>
<status status="PASS" starttime="20210730 09:56:29.752" endtime="20210730 09:56:33.520"/>
</if>
<status status="PASS" starttime="20210730 09:56:29.752" endtime="20210730 09:56:33.520"/>
</iter>
<iter>
<var name="${i}">2</var>
<if>
<branch type="IF" condition="${date.year} == ${INPUT_YEAR}">
<kw name="Run Keyword And Return Status" library="BuiltIn">
<var>${pass}</var>
<arg>Wait Until Page Contains Element</arg>
<arg>accessibility_id=${INPUT_YEAR}</arg>
<arg>2s</arg>
<doc>Runs the given keyword with given arguments and returns the status as a Boolean value.</doc>
<status status="NOT RUN" starttime="20210730 09:56:33.521" endtime="20210730 09:56:33.521"/>
</kw>
<kw name="Log" library="BuiltIn">
<arg>${pass}</arg>
<doc>Logs the given message with the given level.</doc>
<status status="NOT RUN" starttime="20210730 09:56:33.521" endtime="20210730 09:56:33.521"/>
</kw>
<kw name="Exit For Loop If" library="BuiltIn">
<arg>'${pass}' == 'True</arg>
<doc>Stops executing the enclosing for loop if the ``condition`` is true.</doc>
<status status="NOT RUN" starttime="20210730 09:56:33.521" endtime="20210730 09:56:33.521"/>
</kw>
<status status="NOT RUN" starttime="20210730 09:56:33.521" endtime="20210730 09:56:33.521"/>
</branch>
<branch type="ELSE IF" condition="${date.year} &lt; ${INPUT_YEAR}">
<kw name="Scroll Up">
<kw name="Swipe By Percent" library="AppiumLibrary">
<arg>50</arg>
<arg>70</arg>
<arg>50</arg>
<arg>45</arg>
<doc>Swipe from one percent of the screen to another percent, for an optional duration.
Normal swipe fails to scale for different screen resolutions, this can be avoided using percent.</doc>
<status status="PASS" starttime="20210730 09:56:33.522" endtime="20210730 09:56:34.805"/>
</kw>
<status status="PASS" starttime="20210730 09:56:33.522" endtime="20210730 09:56:34.805"/>
</kw>
<kw name="Run Keyword And Return Status" library="BuiltIn">
<var>${pass}</var>
<arg>Wait Until Page Contains Element</arg>
<arg>accessibility_id=${INPUT_YEAR}</arg>
<arg>2s</arg>
<doc>Runs the given keyword with given arguments and returns the status as a Boolean value.</doc>
<kw name="Wait Until Page Contains Element" library="AppiumLibrary">
<arg>accessibility_id=${INPUT_YEAR}</arg>
<arg>2s</arg>
<doc>Waits until element specified with `locator` appears on current page.</doc>
<kw name="Capture Page Screenshot" library="AppiumLibrary">
<doc>Takes a screenshot of the current page and embeds it into the log.</doc>
<msg timestamp="20210730 09:56:37.242" level="INFO" html="true">&lt;/td&gt;&lt;/tr&gt;&lt;tr&gt;&lt;td colspan="3"&gt;&lt;a href="appium-screenshot-3.png"&gt;&lt;img src="appium-screenshot-3.png" width="800px"&gt;&lt;/a&gt;</msg>
<status status="PASS" starttime="20210730 09:56:36.946" endtime="20210730 09:56:37.242"/>
</kw>
<msg timestamp="20210730 09:56:37.243" level="FAIL">Element 'accessibility_id=2039' did not appear in 2 seconds</msg>
<status status="FAIL" starttime="20210730 09:56:34.806" endtime="20210730 09:56:37.243"/>
</kw>
<msg timestamp="20210730 09:56:37.243" level="INFO">${pass} = False</msg>
<status status="PASS" starttime="20210730 09:56:34.805" endtime="20210730 09:56:37.243"/>
</kw>
<kw name="Log" library="BuiltIn">
<arg>${pass}</arg>
<doc>Logs the given message with the given level.</doc>
<msg timestamp="20210730 09:56:37.244" level="INFO">False</msg>
<status status="PASS" starttime="20210730 09:56:37.244" endtime="20210730 09:56:37.244"/>
</kw>
<kw name="Exit For Loop If" library="BuiltIn">
<arg>'${pass}' == 'True'</arg>
<doc>Stops executing the enclosing for loop if the ``condition`` is true.</doc>
<status status="PASS" starttime="20210730 09:56:37.244" endtime="20210730 09:56:37.244"/>
</kw>
<status status="PASS" starttime="20210730 09:56:33.522" endtime="20210730 09:56:37.244"/>
</branch>
<branch type="ELSE IF" condition="${date.year} &gt; ${INPUT_YEAR}">
<kw name="Scroll Down">
<status status="NOT RUN" starttime="20210730 09:56:37.244" endtime="20210730 09:56:37.244"/>
</kw>
<kw name="Run Keyword And Return Status" library="BuiltIn">
<var>${pass}</var>
<arg>Wait Until Page Contains Element</arg>
<arg>accessibility_id=${INPUT_YEAR}</arg>
<arg>2s</arg>
<doc>Runs the given keyword with given arguments and returns the status as a Boolean value.</doc>
<status status="NOT RUN" starttime="20210730 09:56:37.244" endtime="20210730 09:56:37.244"/>
</kw>
<kw name="Log" library="BuiltIn">
<arg>${pass}</arg>
<doc>Logs the given message with the given level.</doc>
<status status="NOT RUN" starttime="20210730 09:56:37.244" endtime="20210730 09:56:37.245"/>
</kw>
<kw name="Exit For Loop If" library="BuiltIn">
<arg>'${pass}' == 'True'</arg>
<doc>Stops executing the enclosing for loop if the ``condition`` is true.</doc>
<status status="NOT RUN" starttime="20210730 09:56:37.245" endtime="20210730 09:56:37.245"/>
</kw>
<status status="NOT RUN" starttime="20210730 09:56:37.244" endtime="20210730 09:56:37.245"/>
</branch>
<status status="PASS" starttime="20210730 09:56:33.520" endtime="20210730 09:56:37.245"/>
</if>
<status status="PASS" starttime="20210730 09:56:33.520" endtime="20210730 09:56:37.245"/>
</iter>
<iter>
<var name="${i}">3</var>
<if>
<branch type="IF" condition="${date.year} == ${INPUT_YEAR}">
<kw name="Run Keyword And Return Status" library="BuiltIn">
<var>${pass}</var>
<arg>Wait Until Page Contains Element</arg>
<arg>accessibility_id=${INPUT_YEAR}</arg>
<arg>2s</arg>
<doc>Runs the given keyword with given arguments and returns the status as a Boolean value.</doc>
<status status="NOT RUN" starttime="20210730 09:56:37.245" endtime="20210730 09:56:37.245"/>
</kw>
<kw name="Log" library="BuiltIn">
<arg>${pass}</arg>
<doc>Logs the given message with the given level.</doc>
<status status="NOT RUN" starttime="20210730 09:56:37.246" endtime="20210730 09:56:37.246"/>
</kw>
<kw name="Exit For Loop If" library="BuiltIn">
<arg>'${pass}' == 'True</arg>
<doc>Stops executing the enclosing for loop if the ``condition`` is true.</doc>
<status status="NOT RUN" starttime="20210730 09:56:37.246" endtime="20210730 09:56:37.246"/>
</kw>
<status status="NOT RUN" starttime="20210730 09:56:37.245" endtime="20210730 09:56:37.246"/>
</branch>
<branch type="ELSE IF" condition="${date.year} &lt; ${INPUT_YEAR}">
<kw name="Scroll Up">
<kw name="Swipe By Percent" library="AppiumLibrary">
<arg>50</arg>
<arg>70</arg>
<arg>50</arg>
<arg>45</arg>
<doc>Swipe from one percent of the screen to another percent, for an optional duration.
Normal swipe fails to scale for different screen resolutions, this can be avoided using percent.</doc>
<status status="PASS" starttime="20210730 09:56:37.246" endtime="20210730 09:56:38.524"/>
</kw>
<status status="PASS" starttime="20210730 09:56:37.246" endtime="20210730 09:56:38.524"/>
</kw>
<kw name="Run Keyword And Return Status" library="BuiltIn">
<var>${pass}</var>
<arg>Wait Until Page Contains Element</arg>
<arg>accessibility_id=${INPUT_YEAR}</arg>
<arg>2s</arg>
<doc>Runs the given keyword with given arguments and returns the status as a Boolean value.</doc>
<kw name="Wait Until Page Contains Element" library="AppiumLibrary">
<arg>accessibility_id=${INPUT_YEAR}</arg>
<arg>2s</arg>
<doc>Waits until element specified with `locator` appears on current page.</doc>
<kw name="Capture Page Screenshot" library="AppiumLibrary">
<doc>Takes a screenshot of the current page and embeds it into the log.</doc>
<msg timestamp="20210730 09:56:40.881" level="INFO" html="true">&lt;/td&gt;&lt;/tr&gt;&lt;tr&gt;&lt;td colspan="3"&gt;&lt;a href="appium-screenshot-4.png"&gt;&lt;img src="appium-screenshot-4.png" width="800px"&gt;&lt;/a&gt;</msg>
<status status="PASS" starttime="20210730 09:56:40.575" endtime="20210730 09:56:40.882"/>
</kw>
<msg timestamp="20210730 09:56:40.882" level="FAIL">Element 'accessibility_id=2039' did not appear in 2 seconds</msg>
<status status="FAIL" starttime="20210730 09:56:38.524" endtime="20210730 09:56:40.882"/>
</kw>
<msg timestamp="20210730 09:56:40.882" level="INFO">${pass} = False</msg>
<status status="PASS" starttime="20210730 09:56:38.524" endtime="20210730 09:56:40.882"/>
</kw>
<kw name="Log" library="BuiltIn">
<arg>${pass}</arg>
<doc>Logs the given message with the given level.</doc>
<msg timestamp="20210730 09:56:40.883" level="INFO">False</msg>
<status status="PASS" starttime="20210730 09:56:40.883" endtime="20210730 09:56:40.883"/>
</kw>
<kw name="Exit For Loop If" library="BuiltIn">
<arg>'${pass}' == 'True'</arg>
<doc>Stops executing the enclosing for loop if the ``condition`` is true.</doc>
<status status="PASS" starttime="20210730 09:56:40.883" endtime="20210730 09:56:40.883"/>
</kw>
<status status="PASS" starttime="20210730 09:56:37.246" endtime="20210730 09:56:40.883"/>
</branch>
<branch type="ELSE IF" condition="${date.year} &gt; ${INPUT_YEAR}">
<kw name="Scroll Down">
<status status="NOT RUN" starttime="20210730 09:56:40.883" endtime="20210730 09:56:40.883"/>
</kw>
<kw name="Run Keyword And Return Status" library="BuiltIn">
<var>${pass}</var>
<arg>Wait Until Page Contains Element</arg>
<arg>accessibility_id=${INPUT_YEAR}</arg>
<arg>2s</arg>
<doc>Runs the given keyword with given arguments and returns the status as a Boolean value.</doc>
<status status="NOT RUN" starttime="20210730 09:56:40.883" endtime="20210730 09:56:40.884"/>
</kw>
<kw name="Log" library="BuiltIn">
<arg>${pass}</arg>
<doc>Logs the given message with the given level.</doc>
<status status="NOT RUN" starttime="20210730 09:56:40.884" endtime="20210730 09:56:40.884"/>
</kw>
<kw name="Exit For Loop If" library="BuiltIn">
<arg>'${pass}' == 'True'</arg>
<doc>Stops executing the enclosing for loop if the ``condition`` is true.</doc>
<status status="NOT RUN" starttime="20210730 09:56:40.884" endtime="20210730 09:56:40.884"/>
</kw>
<status status="NOT RUN" starttime="20210730 09:56:40.883" endtime="20210730 09:56:40.884"/>
</branch>
<status status="PASS" starttime="20210730 09:56:37.245" endtime="20210730 09:56:40.884"/>
</if>
<status status="PASS" starttime="20210730 09:56:37.245" endtime="20210730 09:56:40.884"/>
</iter>
<iter>
<var name="${i}">4</var>
<if>
<branch type="IF" condition="${date.year} == ${INPUT_YEAR}">
<kw name="Run Keyword And Return Status" library="BuiltIn">
<var>${pass}</var>
<arg>Wait Until Page Contains Element</arg>
<arg>accessibility_id=${INPUT_YEAR}</arg>
<arg>2s</arg>
<doc>Runs the given keyword with given arguments and returns the status as a Boolean value.</doc>
<status status="NOT RUN" starttime="20210730 09:56:40.884" endtime="20210730 09:56:40.884"/>
</kw>
<kw name="Log" library="BuiltIn">
<arg>${pass}</arg>
<doc>Logs the given message with the given level.</doc>
<status status="NOT RUN" starttime="20210730 09:56:40.885" endtime="20210730 09:56:40.885"/>
</kw>
<kw name="Exit For Loop If" library="BuiltIn">
<arg>'${pass}' == 'True</arg>
<doc>Stops executing the enclosing for loop if the ``condition`` is true.</doc>
<status status="NOT RUN" starttime="20210730 09:56:40.885" endtime="20210730 09:56:40.885"/>
</kw>
<status status="NOT RUN" starttime="20210730 09:56:40.884" endtime="20210730 09:56:40.885"/>
</branch>
<branch type="ELSE IF" condition="${date.year} &lt; ${INPUT_YEAR}">
<kw name="Scroll Up">
<kw name="Swipe By Percent" library="AppiumLibrary">
<arg>50</arg>
<arg>70</arg>
<arg>50</arg>
<arg>45</arg>
<doc>Swipe from one percent of the screen to another percent, for an optional duration.
Normal swipe fails to scale for different screen resolutions, this can be avoided using percent.</doc>
<status status="PASS" starttime="20210730 09:56:40.885" endtime="20210730 09:56:42.188"/>
</kw>
<status status="PASS" starttime="20210730 09:56:40.885" endtime="20210730 09:56:42.188"/>
</kw>
<kw name="Run Keyword And Return Status" library="BuiltIn">
<var>${pass}</var>
<arg>Wait Until Page Contains Element</arg>
<arg>accessibility_id=${INPUT_YEAR}</arg>
<arg>2s</arg>
<doc>Runs the given keyword with given arguments and returns the status as a Boolean value.</doc>
<kw name="Wait Until Page Contains Element" library="AppiumLibrary">
<arg>accessibility_id=${INPUT_YEAR}</arg>
<arg>2s</arg>
<doc>Waits until element specified with `locator` appears on current page.</doc>
<status status="PASS" starttime="20210730 09:56:42.189" endtime="20210730 09:56:42.288"/>
</kw>
<msg timestamp="20210730 09:56:42.288" level="INFO">${pass} = True</msg>
<status status="PASS" starttime="20210730 09:56:42.188" endtime="20210730 09:56:42.288"/>
</kw>
<kw name="Log" library="BuiltIn">
<arg>${pass}</arg>
<doc>Logs the given message with the given level.</doc>
<msg timestamp="20210730 09:56:42.289" level="INFO">True</msg>
<status status="PASS" starttime="20210730 09:56:42.288" endtime="20210730 09:56:42.289"/>
</kw>
<kw name="Exit For Loop If" library="BuiltIn">
<arg>'${pass}' == 'True'</arg>
<doc>Stops executing the enclosing for loop if the ``condition`` is true.</doc>
<msg timestamp="20210730 09:56:42.289" level="INFO">Exiting for loop altogether.</msg>
<status status="PASS" starttime="20210730 09:56:42.289" endtime="20210730 09:56:42.289"/>
</kw>
<status status="PASS" starttime="20210730 09:56:40.885" endtime="20210730 09:56:42.289"/>
</branch>
<branch type="ELSE IF" condition="${date.year} &gt; ${INPUT_YEAR}">
<kw name="Scroll Down">
<status status="NOT RUN" starttime="20210730 09:56:42.289" endtime="20210730 09:56:42.289"/>
</kw>
<kw name="Run Keyword And Return Status" library="BuiltIn">
<var>${pass}</var>
<arg>Wait Until Page Contains Element</arg>
<arg>accessibility_id=${INPUT_YEAR}</arg>
<arg>2s</arg>
<doc>Runs the given keyword with given arguments and returns the status as a Boolean value.</doc>
<status status="NOT RUN" starttime="20210730 09:56:42.289" endtime="20210730 09:56:42.290"/>
</kw>
<kw name="Log" library="BuiltIn">
<arg>${pass}</arg>
<doc>Logs the given message with the given level.</doc>
<status status="NOT RUN" starttime="20210730 09:56:42.290" endtime="20210730 09:56:42.290"/>
</kw>
<kw name="Exit For Loop If" library="BuiltIn">
<arg>'${pass}' == 'True'</arg>
<doc>Stops executing the enclosing for loop if the ``condition`` is true.</doc>
<status status="NOT RUN" starttime="20210730 09:56:42.290" endtime="20210730 09:56:42.290"/>
</kw>
<status status="NOT RUN" starttime="20210730 09:56:42.289" endtime="20210730 09:56:42.290"/>
</branch>
<status status="PASS" starttime="20210730 09:56:40.884" endtime="20210730 09:56:42.290"/>
</if>
<status status="PASS" starttime="20210730 09:56:40.884" endtime="20210730 09:56:42.290"/>
</iter>
<status status="PASS" starttime="20210730 09:56:25.962" endtime="20210730 09:56:42.290"/>
</for>
<kw name="Tap" library="AppiumLibrary">
<arg>accessibility_id=${INPUT_YEAR}</arg>
<doc>Tap element identified by ``locator``. </doc>
<status status="PASS" starttime="20210730 09:56:42.290" endtime="20210730 09:56:43.136"/>
</kw>
<status status="PASS" starttime="20210730 09:56:25.961" endtime="20210730 09:56:43.136"/>
</kw>
<kw name="Select Month and Day">
<kw name="Get Current Date" library="DateTime">
<var>${date}</var>
<arg>result_format=datetime</arg>
<doc>Returns current local or UTC time with an optional increment.</doc>
<msg timestamp="20210730 09:56:43.137" level="INFO">${date} = 2021-07-30 09:56:43.136873</msg>
<status status="PASS" starttime="20210730 09:56:43.137" endtime="20210730 09:56:43.137"/>
</kw>
<for flavor="IN RANGE">
<var>${i}</var>
<value>${10}</value>
<iter>
<var name="${i}">0</var>
<if>
<branch type="IF" condition="${date.month} == ${3}">
<kw name="Run Keyword And Return Status" library="BuiltIn">
<var>${pass}</var>
<arg>Wait Until Page Contains Element</arg>
<arg>accessibility_id=${SELECT_DATE}</arg>
<arg>2s</arg>
<doc>Runs the given keyword with given arguments and returns the status as a Boolean value.</doc>
<status status="NOT RUN" starttime="20210730 09:56:43.139" endtime="20210730 09:56:43.140"/>
</kw>
<kw name="Log" library="BuiltIn">
<arg>${pass}</arg>
<doc>Logs the given message with the given level.</doc>
<status status="NOT RUN" starttime="20210730 09:56:43.140" endtime="20210730 09:56:43.140"/>
</kw>
<kw name="Exit For Loop If" library="BuiltIn">
<arg>'${pass}' == 'True</arg>
<doc>Stops executing the enclosing for loop if the ``condition`` is true.</doc>
<status status="NOT RUN" starttime="20210730 09:56:43.140" endtime="20210730 09:56:43.140"/>
</kw>
<status status="NOT RUN" starttime="20210730 09:56:43.139" endtime="20210730 09:56:43.140"/>
</branch>
<branch type="ELSE IF" condition="${date.month} &lt; ${3}">
<kw name="Scroll Up">
<status status="NOT RUN" starttime="20210730 09:56:43.141" endtime="20210730 09:56:43.141"/>
</kw>
<kw name="Run Keyword And Return Status" library="BuiltIn">
<var>${pass}</var>
<arg>Wait Until Page Contains Element</arg>
<arg>accessibility_id=${SELECT_DATE}</arg>
<arg>2s</arg>
<doc>Runs the given keyword with given arguments and returns the status as a Boolean value.</doc>
<status status="NOT RUN" starttime="20210730 09:56:43.141" endtime="20210730 09:56:43.141"/>
</kw>
<kw name="Log" library="BuiltIn">
<arg>${pass}</arg>
<doc>Logs the given message with the given level.</doc>
<status status="NOT RUN" starttime="20210730 09:56:43.141" endtime="20210730 09:56:43.141"/>
</kw>
<kw name="Exit For Loop If" library="BuiltIn">
<arg>'${pass}' == 'True'</arg>
<doc>Stops executing the enclosing for loop if the ``condition`` is true.</doc>
<status status="NOT RUN" starttime="20210730 09:56:43.141" endtime="20210730 09:56:43.141"/>
</kw>
<status status="NOT RUN" starttime="20210730 09:56:43.141" endtime="20210730 09:56:43.141"/>
</branch>
<branch type="ELSE IF" condition="${date.month} &gt; ${3}">
<kw name="Scroll Down">
<kw name="Swipe By Percent" library="AppiumLibrary">
<arg>50</arg>
<arg>45</arg>
<arg>50</arg>
<arg>70</arg>
<doc>Swipe from one percent of the screen to another percent, for an optional duration.
Normal swipe fails to scale for different screen resolutions, this can be avoided using percent.</doc>
<status status="PASS" starttime="20210730 09:56:43.142" endtime="20210730 09:56:44.391"/>
</kw>
<status status="PASS" starttime="20210730 09:56:43.142" endtime="20210730 09:56:44.391"/>
</kw>
<kw name="Run Keyword And Return Status" library="BuiltIn">
<var>${pass}</var>
<arg>Wait Until Page Contains Element</arg>
<arg>accessibility_id=${SELECT_DATE}</arg>
<arg>2s</arg>
<doc>Runs the given keyword with given arguments and returns the status as a Boolean value.</doc>
<kw name="Wait Until Page Contains Element" library="AppiumLibrary">
<arg>accessibility_id=${SELECT_DATE}</arg>
<arg>2s</arg>
<doc>Waits until element specified with `locator` appears on current page.</doc>
<kw name="Capture Page Screenshot" library="AppiumLibrary">
<doc>Takes a screenshot of the current page and embeds it into the log.</doc>
<msg timestamp="20210730 09:56:46.707" level="INFO" html="true">&lt;/td&gt;&lt;/tr&gt;&lt;tr&gt;&lt;td colspan="3"&gt;&lt;a href="appium-screenshot-5.png"&gt;&lt;img src="appium-screenshot-5.png" width="800px"&gt;&lt;/a&gt;</msg>
<status status="PASS" starttime="20210730 09:56:46.418" endtime="20210730 09:56:46.707"/>
</kw>
<msg timestamp="20210730 09:56:46.708" level="FAIL">Element 'accessibility_id=09 March 2039' did not appear in 2 seconds</msg>
<status status="FAIL" starttime="20210730 09:56:44.392" endtime="20210730 09:56:46.708"/>
</kw>
<msg timestamp="20210730 09:56:46.708" level="INFO">${pass} = False</msg>
<status status="PASS" starttime="20210730 09:56:44.392" endtime="20210730 09:56:46.708"/>
</kw>
<kw name="Log" library="BuiltIn">
<arg>${pass}</arg>
<doc>Logs the given message with the given level.</doc>
<msg timestamp="20210730 09:56:46.708" level="INFO">False</msg>
<status status="PASS" starttime="20210730 09:56:46.708" endtime="20210730 09:56:46.708"/>
</kw>
<kw name="Exit For Loop If" library="BuiltIn">
<arg>'${pass}' == 'True'</arg>
<doc>Stops executing the enclosing for loop if the ``condition`` is true.</doc>
<status status="PASS" starttime="20210730 09:56:46.708" endtime="20210730 09:56:46.708"/>
</kw>
<status status="PASS" starttime="20210730 09:56:43.142" endtime="20210730 09:56:46.708"/>
</branch>
<status status="PASS" starttime="20210730 09:56:43.138" endtime="20210730 09:56:46.708"/>
</if>
<status status="PASS" starttime="20210730 09:56:43.138" endtime="20210730 09:56:46.708"/>
</iter>
<iter>
<var name="${i}">1</var>
<if>
<branch type="IF" condition="${date.month} == ${3}">
<kw name="Run Keyword And Return Status" library="BuiltIn">
<var>${pass}</var>
<arg>Wait Until Page Contains Element</arg>
<arg>accessibility_id=${SELECT_DATE}</arg>
<arg>2s</arg>
<doc>Runs the given keyword with given arguments and returns the status as a Boolean value.</doc>
<status status="NOT RUN" starttime="20210730 09:56:46.709" endtime="20210730 09:56:46.709"/>
</kw>
<kw name="Log" library="BuiltIn">
<arg>${pass}</arg>
<doc>Logs the given message with the given level.</doc>
<status status="NOT RUN" starttime="20210730 09:56:46.709" endtime="20210730 09:56:46.709"/>
</kw>
<kw name="Exit For Loop If" library="BuiltIn">
<arg>'${pass}' == 'True</arg>
<doc>Stops executing the enclosing for loop if the ``condition`` is true.</doc>
<status status="NOT RUN" starttime="20210730 09:56:46.709" endtime="20210730 09:56:46.709"/>
</kw>
<status status="NOT RUN" starttime="20210730 09:56:46.709" endtime="20210730 09:56:46.709"/>
</branch>
<branch type="ELSE IF" condition="${date.month} &lt; ${3}">
<kw name="Scroll Up">
<status status="NOT RUN" starttime="20210730 09:56:46.710" endtime="20210730 09:56:46.710"/>
</kw>
<kw name="Run Keyword And Return Status" library="BuiltIn">
<var>${pass}</var>
<arg>Wait Until Page Contains Element</arg>
<arg>accessibility_id=${SELECT_DATE}</arg>
<arg>2s</arg>
<doc>Runs the given keyword with given arguments and returns the status as a Boolean value.</doc>
<status status="NOT RUN" starttime="20210730 09:56:46.710" endtime="20210730 09:56:46.710"/>
</kw>
<kw name="Log" library="BuiltIn">
<arg>${pass}</arg>
<doc>Logs the given message with the given level.</doc>
<status status="NOT RUN" starttime="20210730 09:56:46.710" endtime="20210730 09:56:46.710"/>
</kw>
<kw name="Exit For Loop If" library="BuiltIn">
<arg>'${pass}' == 'True'</arg>
<doc>Stops executing the enclosing for loop if the ``condition`` is true.</doc>
<status status="NOT RUN" starttime="20210730 09:56:46.710" endtime="20210730 09:56:46.710"/>
</kw>
<status status="NOT RUN" starttime="20210730 09:56:46.710" endtime="20210730 09:56:46.710"/>
</branch>
<branch type="ELSE IF" condition="${date.month} &gt; ${3}">
<kw name="Scroll Down">
<kw name="Swipe By Percent" library="AppiumLibrary">
<arg>50</arg>
<arg>45</arg>
<arg>50</arg>
<arg>70</arg>
<doc>Swipe from one percent of the screen to another percent, for an optional duration.
Normal swipe fails to scale for different screen resolutions, this can be avoided using percent.</doc>
<status status="PASS" starttime="20210730 09:56:46.711" endtime="20210730 09:56:48.009"/>
</kw>
<status status="PASS" starttime="20210730 09:56:46.711" endtime="20210730 09:56:48.009"/>
</kw>
<kw name="Run Keyword And Return Status" library="BuiltIn">
<var>${pass}</var>
<arg>Wait Until Page Contains Element</arg>
<arg>accessibility_id=${SELECT_DATE}</arg>
<arg>2s</arg>
<doc>Runs the given keyword with given arguments and returns the status as a Boolean value.</doc>
<kw name="Wait Until Page Contains Element" library="AppiumLibrary">
<arg>accessibility_id=${SELECT_DATE}</arg>
<arg>2s</arg>
<doc>Waits until element specified with `locator` appears on current page.</doc>
<kw name="Capture Page Screenshot" library="AppiumLibrary">
<doc>Takes a screenshot of the current page and embeds it into the log.</doc>
<msg timestamp="20210730 09:56:50.565" level="INFO" html="true">&lt;/td&gt;&lt;/tr&gt;&lt;tr&gt;&lt;td colspan="3"&gt;&lt;a href="appium-screenshot-6.png"&gt;&lt;img src="appium-screenshot-6.png" width="800px"&gt;&lt;/a&gt;</msg>
<status status="PASS" starttime="20210730 09:56:50.259" endtime="20210730 09:56:50.566"/>
</kw>
<msg timestamp="20210730 09:56:50.567" level="FAIL">Element 'accessibility_id=09 March 2039' did not appear in 2 seconds</msg>
<status status="FAIL" starttime="20210730 09:56:48.010" endtime="20210730 09:56:50.567"/>
</kw>
<msg timestamp="20210730 09:56:50.567" level="INFO">${pass} = False</msg>
<status status="PASS" starttime="20210730 09:56:48.010" endtime="20210730 09:56:50.567"/>
</kw>
<kw name="Log" library="BuiltIn">
<arg>${pass}</arg>
<doc>Logs the given message with the given level.</doc>
<msg timestamp="20210730 09:56:50.567" level="INFO">False</msg>
<status status="PASS" starttime="20210730 09:56:50.567" endtime="20210730 09:56:50.567"/>
</kw>
<kw name="Exit For Loop If" library="BuiltIn">
<arg>'${pass}' == 'True'</arg>
<doc>Stops executing the enclosing for loop if the ``condition`` is true.</doc>
<status status="PASS" starttime="20210730 09:56:50.567" endtime="20210730 09:56:50.568"/>
</kw>
<status status="PASS" starttime="20210730 09:56:46.711" endtime="20210730 09:56:50.568"/>
</branch>
<status status="PASS" starttime="20210730 09:56:46.709" endtime="20210730 09:56:50.568"/>
</if>
<status status="PASS" starttime="20210730 09:56:46.709" endtime="20210730 09:56:50.568"/>
</iter>
<iter>
<var name="${i}">2</var>
<if>
<branch type="IF" condition="${date.month} == ${3}">
<kw name="Run Keyword And Return Status" library="BuiltIn">
<var>${pass}</var>
<arg>Wait Until Page Contains Element</arg>
<arg>accessibility_id=${SELECT_DATE}</arg>
<arg>2s</arg>
<doc>Runs the given keyword with given arguments and returns the status as a Boolean value.</doc>
<status status="NOT RUN" starttime="20210730 09:56:50.569" endtime="20210730 09:56:50.569"/>
</kw>
<kw name="Log" library="BuiltIn">
<arg>${pass}</arg>
<doc>Logs the given message with the given level.</doc>
<status status="NOT RUN" starttime="20210730 09:56:50.569" endtime="20210730 09:56:50.569"/>
</kw>
<kw name="Exit For Loop If" library="BuiltIn">
<arg>'${pass}' == 'True</arg>
<doc>Stops executing the enclosing for loop if the ``condition`` is true.</doc>
<status status="NOT RUN" starttime="20210730 09:56:50.569" endtime="20210730 09:56:50.569"/>
</kw>
<status status="NOT RUN" starttime="20210730 09:56:50.568" endtime="20210730 09:56:50.569"/>
</branch>
<branch type="ELSE IF" condition="${date.month} &lt; ${3}">
<kw name="Scroll Up">
<status status="NOT RUN" starttime="20210730 09:56:50.569" endtime="20210730 09:56:50.569"/>
</kw>
<kw name="Run Keyword And Return Status" library="BuiltIn">
<var>${pass}</var>
<arg>Wait Until Page Contains Element</arg>
<arg>accessibility_id=${SELECT_DATE}</arg>
<arg>2s</arg>
<doc>Runs the given keyword with given arguments and returns the status as a Boolean value.</doc>
<status status="NOT RUN" starttime="20210730 09:56:50.570" endtime="20210730 09:56:50.570"/>
</kw>
<kw name="Log" library="BuiltIn">
<arg>${pass}</arg>
<doc>Logs the given message with the given level.</doc>
<status status="NOT RUN" starttime="20210730 09:56:50.570" endtime="20210730 09:56:50.570"/>
</kw>
<kw name="Exit For Loop If" library="BuiltIn">
<arg>'${pass}' == 'True'</arg>
<doc>Stops executing the enclosing for loop if the ``condition`` is true.</doc>
<status status="NOT RUN" starttime="20210730 09:56:50.570" endtime="20210730 09:56:50.570"/>
</kw>
<status status="NOT RUN" starttime="20210730 09:56:50.569" endtime="20210730 09:56:50.570"/>
</branch>
<branch type="ELSE IF" condition="${date.month} &gt; ${3}">
<kw name="Scroll Down">
<kw name="Swipe By Percent" library="AppiumLibrary">
<arg>50</arg>
<arg>45</arg>
<arg>50</arg>
<arg>70</arg>
<doc>Swipe from one percent of the screen to another percent, for an optional duration.
Normal swipe fails to scale for different screen resolutions, this can be avoided using percent.</doc>
<status status="PASS" starttime="20210730 09:56:50.571" endtime="20210730 09:56:51.871"/>
</kw>
<status status="PASS" starttime="20210730 09:56:50.570" endtime="20210730 09:56:51.871"/>
</kw>
<kw name="Run Keyword And Return Status" library="BuiltIn">
<var>${pass}</var>
<arg>Wait Until Page Contains Element</arg>
<arg>accessibility_id=${SELECT_DATE}</arg>
<arg>2s</arg>
<doc>Runs the given keyword with given arguments and returns the status as a Boolean value.</doc>
<kw name="Wait Until Page Contains Element" library="AppiumLibrary">
<arg>accessibility_id=${SELECT_DATE}</arg>
<arg>2s</arg>
<doc>Waits until element specified with `locator` appears on current page.</doc>
<kw name="Capture Page Screenshot" library="AppiumLibrary">
<doc>Takes a screenshot of the current page and embeds it into the log.</doc>
<msg timestamp="20210730 09:56:54.391" level="INFO" html="true">&lt;/td&gt;&lt;/tr&gt;&lt;tr&gt;&lt;td colspan="3"&gt;&lt;a href="appium-screenshot-7.png"&gt;&lt;img src="appium-screenshot-7.png" width="800px"&gt;&lt;/a&gt;</msg>
<status status="PASS" starttime="20210730 09:56:54.093" endtime="20210730 09:56:54.391"/>
</kw>
<msg timestamp="20210730 09:56:54.392" level="FAIL">Element 'accessibility_id=09 March 2039' did not appear in 2 seconds</msg>
<status status="FAIL" starttime="20210730 09:56:51.871" endtime="20210730 09:56:54.392"/>
</kw>
<msg timestamp="20210730 09:56:54.392" level="INFO">${pass} = False</msg>
<status status="PASS" starttime="20210730 09:56:51.871" endtime="20210730 09:56:54.392"/>
</kw>
<kw name="Log" library="BuiltIn">
<arg>${pass}</arg>
<doc>Logs the given message with the given level.</doc>
<msg timestamp="20210730 09:56:54.393" level="INFO">False</msg>
<status status="PASS" starttime="20210730 09:56:54.392" endtime="20210730 09:56:54.393"/>
</kw>
<kw name="Exit For Loop If" library="BuiltIn">
<arg>'${pass}' == 'True'</arg>
<doc>Stops executing the enclosing for loop if the ``condition`` is true.</doc>
<status status="PASS" starttime="20210730 09:56:54.393" endtime="20210730 09:56:54.393"/>
</kw>
<status status="PASS" starttime="20210730 09:56:50.570" endtime="20210730 09:56:54.393"/>
</branch>
<status status="PASS" starttime="20210730 09:56:50.568" endtime="20210730 09:56:54.393"/>
</if>
<status status="PASS" starttime="20210730 09:56:50.568" endtime="20210730 09:56:54.393"/>
</iter>
<iter>
<var name="${i}">3</var>
<if>
<branch type="IF" condition="${date.month} == ${3}">
<kw name="Run Keyword And Return Status" library="BuiltIn">
<var>${pass}</var>
<arg>Wait Until Page Contains Element</arg>
<arg>accessibility_id=${SELECT_DATE}</arg>
<arg>2s</arg>
<doc>Runs the given keyword with given arguments and returns the status as a Boolean value.</doc>
<status status="NOT RUN" starttime="20210730 09:56:54.394" endtime="20210730 09:56:54.394"/>
</kw>
<kw name="Log" library="BuiltIn">
<arg>${pass}</arg>
<doc>Logs the given message with the given level.</doc>
<status status="NOT RUN" starttime="20210730 09:56:54.394" endtime="20210730 09:56:54.394"/>
</kw>
<kw name="Exit For Loop If" library="BuiltIn">
<arg>'${pass}' == 'True</arg>
<doc>Stops executing the enclosing for loop if the ``condition`` is true.</doc>
<status status="NOT RUN" starttime="20210730 09:56:54.394" endtime="20210730 09:56:54.394"/>
</kw>
<status status="NOT RUN" starttime="20210730 09:56:54.394" endtime="20210730 09:56:54.394"/>
</branch>
<branch type="ELSE IF" condition="${date.month} &lt; ${3}">
<kw name="Scroll Up">
<status status="NOT RUN" starttime="20210730 09:56:54.395" endtime="20210730 09:56:54.395"/>
</kw>
<kw name="Run Keyword And Return Status" library="BuiltIn">
<var>${pass}</var>
<arg>Wait Until Page Contains Element</arg>
<arg>accessibility_id=${SELECT_DATE}</arg>
<arg>2s</arg>
<doc>Runs the given keyword with given arguments and returns the status as a Boolean value.</doc>
<status status="NOT RUN" starttime="20210730 09:56:54.395" endtime="20210730 09:56:54.395"/>
</kw>
<kw name="Log" library="BuiltIn">
<arg>${pass}</arg>
<doc>Logs the given message with the given level.</doc>
<status status="NOT RUN" starttime="20210730 09:56:54.395" endtime="20210730 09:56:54.395"/>
</kw>
<kw name="Exit For Loop If" library="BuiltIn">
<arg>'${pass}' == 'True'</arg>
<doc>Stops executing the enclosing for loop if the ``condition`` is true.</doc>
<status status="NOT RUN" starttime="20210730 09:56:54.395" endtime="20210730 09:56:54.395"/>
</kw>
<status status="NOT RUN" starttime="20210730 09:56:54.395" endtime="20210730 09:56:54.395"/>
</branch>
<branch type="ELSE IF" condition="${date.month} &gt; ${3}">
<kw name="Scroll Down">
<kw name="Swipe By Percent" library="AppiumLibrary">
<arg>50</arg>
<arg>45</arg>
<arg>50</arg>
<arg>70</arg>
<doc>Swipe from one percent of the screen to another percent, for an optional duration.
Normal swipe fails to scale for different screen resolutions, this can be avoided using percent.</doc>
<status status="PASS" starttime="20210730 09:56:54.396" endtime="20210730 09:56:55.674"/>
</kw>
<status status="PASS" starttime="20210730 09:56:54.396" endtime="20210730 09:56:55.674"/>
</kw>
<kw name="Run Keyword And Return Status" library="BuiltIn">
<var>${pass}</var>
<arg>Wait Until Page Contains Element</arg>
<arg>accessibility_id=${SELECT_DATE}</arg>
<arg>2s</arg>
<doc>Runs the given keyword with given arguments and returns the status as a Boolean value.</doc>
<kw name="Wait Until Page Contains Element" library="AppiumLibrary">
<arg>accessibility_id=${SELECT_DATE}</arg>
<arg>2s</arg>
<doc>Waits until element specified with `locator` appears on current page.</doc>
<status status="PASS" starttime="20210730 09:56:55.674" endtime="20210730 09:56:55.941"/>
</kw>
<msg timestamp="20210730 09:56:55.941" level="INFO">${pass} = True</msg>
<status status="PASS" starttime="20210730 09:56:55.674" endtime="20210730 09:56:55.941"/>
</kw>
<kw name="Log" library="BuiltIn">
<arg>${pass}</arg>
<doc>Logs the given message with the given level.</doc>
<msg timestamp="20210730 09:56:55.941" level="INFO">True</msg>
<status status="PASS" starttime="20210730 09:56:55.941" endtime="20210730 09:56:55.941"/>
</kw>
<kw name="Exit For Loop If" library="BuiltIn">
<arg>'${pass}' == 'True'</arg>
<doc>Stops executing the enclosing for loop if the ``condition`` is true.</doc>
<msg timestamp="20210730 09:56:55.941" level="INFO">Exiting for loop altogether.</msg>
<status status="PASS" starttime="20210730 09:56:55.941" endtime="20210730 09:56:55.942"/>
</kw>
<status status="PASS" starttime="20210730 09:56:54.396" endtime="20210730 09:56:55.942"/>
</branch>
<status status="PASS" starttime="20210730 09:56:54.393" endtime="20210730 09:56:55.942"/>
</if>
<status status="PASS" starttime="20210730 09:56:54.393" endtime="20210730 09:56:55.942"/>
</iter>
<status status="PASS" starttime="20210730 09:56:43.137" endtime="20210730 09:56:55.942"/>
</for>
<kw name="Tap" library="AppiumLibrary">
<arg>accessibility_id=${SELECT_DATE}</arg>
<doc>Tap element identified by ``locator``. </doc>
<status status="PASS" starttime="20210730 09:56:55.942" endtime="20210730 09:56:56.136"/>
</kw>
<status status="PASS" starttime="20210730 09:56:43.136" endtime="20210730 09:56:56.136"/>
</kw>
<status status="PASS" starttime="20210730 09:56:24.488" endtime="20210730 09:56:56.136"/>
</kw>
<kw name="Click OK Button">
<kw name="Tap" library="AppiumLibrary">
<arg>id=com.material.components:id/mdtp_ok</arg>
<doc>Tap element identified by ``locator``. </doc>
<status status="PASS" starttime="20210730 09:56:56.137" endtime="20210730 09:56:56.870"/>
</kw>
<kw name="Wait Until Page Contains Element" library="AppiumLibrary">
<arg>id=com.material.components:id/result</arg>
<arg>30s</arg>
<doc>Waits until element specified with `locator` appears on current page.</doc>
<status status="PASS" starttime="20210730 09:56:56.870" endtime="20210730 09:56:57.134"/>
</kw>
<kw name="Get Text" library="AppiumLibrary">
<var>${Date_selected}</var>
<arg>id=com.material.components:id/result</arg>
<doc>Get element text (for hybrid and mobile browser use `xpath` locator, others might cause problem)</doc>
<msg timestamp="20210730 09:56:57.433" level="INFO">Element 'id=com.material.components:id/result' text is 'March 09, 2039' </msg>
<msg timestamp="20210730 09:56:57.434" level="INFO">${Date_selected} = March 09, 2039</msg>
<status status="PASS" starttime="20210730 09:56:57.135" endtime="20210730 09:56:57.434"/>
</kw>
<kw name="Log" library="BuiltIn">
<arg>${Date_selected}</arg>
<doc>Logs the given message with the given level.</doc>
<msg timestamp="20210730 09:56:57.434" level="INFO">March 09, 2039</msg>
<status status="PASS" starttime="20210730 09:56:57.434" endtime="20210730 09:56:57.434"/>
</kw>
<kw name="Should Be Equal" library="BuiltIn">
<arg>${Date_selected}</arg>
<arg>March 09, 2039</arg>
<doc>Fails if the given objects are unequal.</doc>
<status status="PASS" starttime="20210730 09:56:57.434" endtime="20210730 09:56:57.434"/>
</kw>
<status status="PASS" starttime="20210730 09:56:56.137" endtime="20210730 09:56:57.434"/>
</kw>
<status status="PASS" starttime="20210730 09:56:09.680" endtime="20210730 09:56:57.435"/>
</test>
<status status="PASS" starttime="20210730 09:56:09.479" endtime="20210730 09:56:57.436"/>
</suite>
<statistics>
<total>
<stat pass="1" fail="0" skip="0">All Tests</stat>
</total>
<tag>
</tag>
<suite>
<stat pass="1" fail="0" skip="0" id="s1" name="Date Picker">Date Picker</stat>
</suite>
</statistics>
<errors>
</errors>
</robot>
